Copyright 1986-2016 Xilinx, Inc. All Rights Reserved.
---------------------------------------------------------------------------------------------------------------
| Tool Version : Vivado v.2016.4 (win64) Build 1756540 Mon Jan 23 19:11:23 MST 2017
| Date         : Mon Nov 06 16:07:40 2017
| Host         : LAPTOP-5VH8KMSI running 64-bit major release  (build 9200)
| Command      : report_methodology -file GPRs_methodology_drc_routed.rpt -rpx GPRs_methodology_drc_routed.rpx
| Design       : GPRs
| Device       : xc7k70tfbv676-1
| Speed File   : -1
| Design State : Routed
---------------------------------------------------------------------------------------------------------------

Report Methodology

Table of Contents
-----------------
1. REPORT SUMMARY
2. REPORT DETAILS

1. REPORT SUMMARY
-----------------
            Netlist: netlist
          Floorplan: design_1
      Design limits: <entire design considered>
             Max violations: <unlimited>
             Violations found: 56
+-----------+------------------+-----------------------------+------------+
| Rule      | Severity         | Description                 | Violations |
+-----------+------------------+-----------------------------+------------+
| TIMING-23 | Critical Warning | Combinatorial loop found    | 8          |
| TIMING-17 | Warning          | Non-clocked sequential cell | 48         |
+-----------+------------------+-----------------------------+------------+

2. REPORT DETAILS
-----------------
TIMING-23#1 Critical Warning
Combinatorial loop found  
A timing loop has been detected on a combinational path. A timing arc has been disabled between reg_read_data_1_OBUF[15]_inst_i_2/I3 and reg_read_data_1_OBUF[15]_inst_i_2/O to disable the timing loop
Related violations: <none>

TIMING-23#2 Critical Warning
Combinatorial loop found  
A timing loop has been detected on a combinational path. A timing arc has been disabled between reg_read_data_1_OBUF[15]_inst_i_2/I4 and reg_read_data_1_OBUF[15]_inst_i_2/O to disable the timing loop
Related violations: <none>

TIMING-23#3 Critical Warning
Combinatorial loop found  
A timing loop has been detected on a combinational path. A timing arc has been disabled between reg_read_data_1_OBUF[15]_inst_i_4/I3 and reg_read_data_1_OBUF[15]_inst_i_4/O to disable the timing loop
Related violations: <none>

TIMING-23#4 Critical Warning
Combinatorial loop found  
A timing loop has been detected on a combinational path. A timing arc has been disabled between reg_read_data_1_OBUF[15]_inst_i_5/I1 and reg_read_data_1_OBUF[15]_inst_i_5/O to disable the timing loop
Related violations: <none>

TIMING-23#5 Critical Warning
Combinatorial loop found  
A timing loop has been detected on a combinational path. A timing arc has been disabled between reg_read_data_2_OBUF[15]_inst_i_2/I3 and reg_read_data_2_OBUF[15]_inst_i_2/O to disable the timing loop
Related violations: <none>

TIMING-23#6 Critical Warning
Combinatorial loop found  
A timing loop has been detected on a combinational path. A timing arc has been disabled between reg_read_data_2_OBUF[15]_inst_i_2/I4 and reg_read_data_2_OBUF[15]_inst_i_2/O to disable the timing loop
Related violations: <none>

TIMING-23#7 Critical Warning
Combinatorial loop found  
A timing loop has been detected on a combinational path. A timing arc has been disabled between reg_read_data_2_OBUF[15]_inst_i_4/I3 and reg_read_data_2_OBUF[15]_inst_i_4/O to disable the timing loop
Related violations: <none>

TIMING-23#8 Critical Warning
Combinatorial loop found  
A timing loop has been detected on a combinational path. A timing arc has been disabled between reg_read_data_2_OBUF[15]_inst_i_5/I1 and reg_read_data_2_OBUF[15]_inst_i_5/O to disable the timing loop
Related violations: <none>

TIMING-17#1 Warning
Non-clocked sequential cell  
The clock pin reg_number_reg_r1_0_7_0_5/RAMA/CLK is not reached by a timing clock
Related violations: <none>

TIMING-17#2 Warning
Non-clocked sequential cell  
The clock pin reg_number_reg_r1_0_7_0_5/RAMA_D1/CLK is not reached by a timing clock
Related violations: <none>

TIMING-17#3 Warning
Non-clocked sequential cell  
The clock pin reg_number_reg_r1_0_7_0_5/RAMB/CLK is not reached by a timing clock
Related violations: <none>

TIMING-17#4 Warning
Non-clocked sequential cell  
The clock pin reg_number_reg_r1_0_7_0_5/RAMB_D1/CLK is not reached by a timing clock
Related violations: <none>

TIMING-17#5 Warning
Non-clocked sequential cell  
The clock pin reg_number_reg_r1_0_7_0_5/RAMC/CLK is not reached by a timing clock
Related violations: <none>

TIMING-17#6 Warning
Non-clocked sequential cell  
The clock pin reg_number_reg_r1_0_7_0_5/RAMC_D1/CLK is not reached by a timing clock
Related violations: <none>

TIMING-17#7 Warning
Non-clocked sequential cell  
The clock pin reg_number_reg_r1_0_7_0_5/RAMD/CLK is not reached by a timing clock
Related violations: <none>

TIMING-17#8 Warning
Non-clocked sequential cell  
The clock pin reg_number_reg_r1_0_7_0_5/RAMD_D1/CLK is not reached by a timing clock
Related violations: <none>

TIMING-17#9 Warning
Non-clocked sequential cell  
The clock pin reg_number_reg_r1_0_7_12_15/RAMA/CLK is not reached by a timing clock
Related violations: <none>

TIMING-17#10 Warning
Non-clocked sequential cell  
The clock pin reg_number_reg_r1_0_7_12_15/RAMA_D1/CLK is not reached by a timing clock
Related violations: <none>

TIMING-17#11 Warning
Non-clocked sequential cell  
The clock pin reg_number_reg_r1_0_7_12_15/RAMB/CLK is not reached by a timing clock
Related violations: <none>

TIMING-17#12 Warning
Non-clocked sequential cell  
The clock pin reg_number_reg_r1_0_7_12_15/RAMB_D1/CLK is not reached by a timing clock
Related violations: <none>

TIMING-17#13 Warning
Non-clocked sequential cell  
The clock pin reg_number_reg_r1_0_7_12_15/RAMC/CLK is not reached by a timing clock
Related violations: <none>

TIMING-17#14 Warning
Non-clocked sequential cell  
The clock pin reg_number_reg_r1_0_7_12_15/RAMC_D1/CLK is not reached by a timing clock
Related violations: <none>

TIMING-17#15 Warning
Non-clocked sequential cell  
The clock pin reg_number_reg_r1_0_7_12_15/RAMD/CLK is not reached by a timing clock
Related violations: <none>

TIMING-17#16 Warning
Non-clocked sequential cell  
The clock pin reg_number_reg_r1_0_7_12_15/RAMD_D1/CLK is not reached by a timing clock
Related violations: <none>

TIMING-17#17 Warning
Non-clocked sequential cell  
The clock pin reg_number_reg_r1_0_7_6_11/RAMA/CLK is not reached by a timing clock
Related violations: <none>

TIMING-17#18 Warning
Non-clocked sequential cell  
The clock pin reg_number_reg_r1_0_7_6_11/RAMA_D1/CLK is not reached by a timing clock
Related violations: <none>

TIMING-17#19 Warning
Non-clocked sequential cell  
The clock pin reg_number_reg_r1_0_7_6_11/RAMB/CLK is not reached by a timing clock
Related violations: <none>

TIMING-17#20 Warning
Non-clocked sequential cell  
The clock pin reg_number_reg_r1_0_7_6_11/RAMB_D1/CLK is not reached by a timing clock
Related violations: <none>

TIMING-17#21 Warning
Non-clocked sequential cell  
The clock pin reg_number_reg_r1_0_7_6_11/RAMC/CLK is not reached by a timing clock
Related violations: <none>

TIMING-17#22 Warning
Non-clocked sequential cell  
The clock pin reg_number_reg_r1_0_7_6_11/RAMC_D1/CLK is not reached by a timing clock
Related violations: <none>

TIMING-17#23 Warning
Non-clocked sequential cell  
The clock pin reg_number_reg_r1_0_7_6_11/RAMD/CLK is not reached by a timing clock
Related violations: <none>

TIMING-17#24 Warning
Non-clocked sequential cell  
The clock pin reg_number_reg_r1_0_7_6_11/RAMD_D1/CLK is not reached by a timing clock
Related violations: <none>

TIMING-17#25 Warning
Non-clocked sequential cell  
The clock pin reg_number_reg_r2_0_7_0_5/RAMA/CLK is not reached by a timing clock
Related violations: <none>

TIMING-17#26 Warning
Non-clocked sequential cell  
The clock pin reg_number_reg_r2_0_7_0_5/RAMA_D1/CLK is not reached by a timing clock
Related violations: <none>

TIMING-17#27 Warning
Non-clocked sequential cell  
The clock pin reg_number_reg_r2_0_7_0_5/RAMB/CLK is not reached by a timing clock
Related violations: <none>

TIMING-17#28 Warning
Non-clocked sequential cell  
The clock pin reg_number_reg_r2_0_7_0_5/RAMB_D1/CLK is not reached by a timing clock
Related violations: <none>

TIMING-17#29 Warning
Non-clocked sequential cell  
The clock pin reg_number_reg_r2_0_7_0_5/RAMC/CLK is not reached by a timing clock
Related violations: <none>

TIMING-17#30 Warning
Non-clocked sequential cell  
The clock pin reg_number_reg_r2_0_7_0_5/RAMC_D1/CLK is not reached by a timing clock
Related violations: <none>

TIMING-17#31 Warning
Non-clocked sequential cell  
The clock pin reg_number_reg_r2_0_7_0_5/RAMD/CLK is not reached by a timing clock
Related violations: <none>

TIMING-17#32 Warning
Non-clocked sequential cell  
The clock pin reg_number_reg_r2_0_7_0_5/RAMD_D1/CLK is not reached by a timing clock
Related violations: <none>

TIMING-17#33 Warning
Non-clocked sequential cell  
The clock pin reg_number_reg_r2_0_7_12_15/RAMA/CLK is not reached by a timing clock
Related violations: <none>

TIMING-17#34 Warning
Non-clocked sequential cell  
The clock pin reg_number_reg_r2_0_7_12_15/RAMA_D1/CLK is not reached by a timing clock
Related violations: <none>

TIMING-17#35 Warning
Non-clocked sequential cell  
The clock pin reg_number_reg_r2_0_7_12_15/RAMB/CLK is not reached by a timing clock
Related violations: <none>

TIMING-17#36 Warning
Non-clocked sequential cell  
The clock pin reg_number_reg_r2_0_7_12_15/RAMB_D1/CLK is not reached by a timing clock
Related violations: <none>

TIMING-17#37 Warning
Non-clocked sequential cell  
The clock pin reg_number_reg_r2_0_7_12_15/RAMC/CLK is not reached by a timing clock
Related violations: <none>

TIMING-17#38 Warning
Non-clocked sequential cell  
The clock pin reg_number_reg_r2_0_7_12_15/RAMC_D1/CLK is not reached by a timing clock
Related violations: <none>

TIMING-17#39 Warning
Non-clocked sequential cell  
The clock pin reg_number_reg_r2_0_7_12_15/RAMD/CLK is not reached by a timing clock
Related violations: <none>

TIMING-17#40 Warning
Non-clocked sequential cell  
The clock pin reg_number_reg_r2_0_7_12_15/RAMD_D1/CLK is not reached by a timing clock
Related violations: <none>

TIMING-17#41 Warning
Non-clocked sequential cell  
The clock pin reg_number_reg_r2_0_7_6_11/RAMA/CLK is not reached by a timing clock
Related violations: <none>

TIMING-17#42 Warning
Non-clocked sequential cell  
The clock pin reg_number_reg_r2_0_7_6_11/RAMA_D1/CLK is not reached by a timing clock
Related violations: <none>

TIMING-17#43 Warning
Non-clocked sequential cell  
The clock pin reg_number_reg_r2_0_7_6_11/RAMB/CLK is not reached by a timing clock
Related violations: <none>

TIMING-17#44 Warning
Non-clocked sequential cell  
The clock pin reg_number_reg_r2_0_7_6_11/RAMB_D1/CLK is not reached by a timing clock
Related violations: <none>

TIMING-17#45 Warning
Non-clocked sequential cell  
The clock pin reg_number_reg_r2_0_7_6_11/RAMC/CLK is not reached by a timing clock
Related violations: <none>

TIMING-17#46 Warning
Non-clocked sequential cell  
The clock pin reg_number_reg_r2_0_7_6_11/RAMC_D1/CLK is not reached by a timing clock
Related violations: <none>

TIMING-17#47 Warning
Non-clocked sequential cell  
The clock pin reg_number_reg_r2_0_7_6_11/RAMD/CLK is not reached by a timing clock
Related violations: <none>

TIMING-17#48 Warning
Non-clocked sequential cell  
The clock pin reg_number_reg_r2_0_7_6_11/RAMD_D1/CLK is not reached by a timing clock
Related violations: <none>


